\BOOKMARK [1][-]{section.1}{\376\377\000I\000n\000t\000r\000o\000d\000u\000c\000t\000i\000o\000n}{}% 1
\BOOKMARK [2][-]{subsection.1.1}{\376\377\000S\000c\000o\000p\000e\000\040\000o\000f\000\040\000T\000h\000i\000s\000\040\000R\000e\000p\000o\000r\000t}{section.1}% 2
\BOOKMARK [2][-]{subsection.1.2}{\376\377\000P\000u\000r\000p\000o\000s\000e\000\040\000o\000f\000\040\000t\000h\000e\000\040\000D\000e\000s\000i\000g\000n}{section.1}% 3
\BOOKMARK [2][-]{subsection.1.3}{\376\377\000B\000a\000c\000k\000g\000r\000o\000u\000n\000d}{section.1}% 4
\BOOKMARK [2][-]{subsection.1.4}{\376\377\000S\000u\000m\000m\000a\000r\000y\000\040\000o\000f\000\040\000C\000o\000n\000t\000r\000i\000b\000u\000t\000i\000o\000n\000s}{section.1}% 5
\BOOKMARK [2][-]{subsection.1.5}{\376\377\000R\000e\000p\000o\000r\000t\000\040\000S\000t\000r\000u\000c\000t\000u\000r\000e}{section.1}% 6
\BOOKMARK [1][-]{section.2}{\376\377\000D\000e\000s\000i\000g\000n}{}% 7
\BOOKMARK [2][-]{subsection.2.1}{\376\377\000R\000e\000q\000u\000i\000r\000e\000m\000e\000n\000t\000s}{section.2}% 8
\BOOKMARK [2][-]{subsection.2.2}{\376\377\000D\000e\000s\000i\000g\000n\000\040\000A\000r\000c\000h\000i\000t\000e\000c\000t\000u\000r\000e}{section.2}% 9
\BOOKMARK [3][-]{subsubsection.2.2.1}{\376\377\000O\000v\000e\000r\000a\000l\000l\000\040\000A\000r\000c\000h\000i\000t\000e\000c\000t\000u\000r\000e}{subsection.2.2}% 10
\BOOKMARK [3][-]{subsubsection.2.2.2}{\376\377\000H\000a\000r\000d\000w\000a\000r\000e\000\040\000A\000r\000c\000h\000i\000t\000e\000c\000t\000u\000r\000e}{subsection.2.2}% 11
\BOOKMARK [3][-]{subsubsection.2.2.3}{\376\377\000H\000a\000r\000d\000w\000a\000r\000e\000\040\000J\000u\000s\000t\000i\000f\000i\000c\000a\000t\000i\000o\000n}{subsection.2.2}% 12
\BOOKMARK [3][-]{subsubsection.2.2.4}{\376\377\000F\000i\000r\000m\000w\000a\000r\000e\000\040\000A\000r\000c\000h\000i\000t\000e\000c\000t\000u\000r\000e}{subsection.2.2}% 13
\BOOKMARK [3][-]{subsubsection.2.2.5}{\376\377\000F\000i\000r\000m\000w\000a\000r\000e\000\040\000A\000r\000c\000h\000i\000t\000e\000c\000t\000u\000r\000e\000\040\000J\000u\000s\000t\000i\000f\000i\000c\000a\000t\000i\000o\000n}{subsection.2.2}% 14
\BOOKMARK [2][-]{subsection.2.3}{\376\377\000D\000e\000s\000i\000g\000n\000\040\000E\000l\000e\000m\000e\000n\000t\000s}{section.2}% 15
\BOOKMARK [3][-]{subsubsection.2.3.1}{\376\377\000P\000C\000B\000\040\000H\000a\000r\000d\000w\000a\000r\000e\000\040\000E\000l\000e\000m\000e\000n\000t\000s}{subsection.2.3}% 16
\BOOKMARK [3][-]{subsubsection.2.3.2}{\376\377\000F\000r\000a\000m\000e\000\040\000D\000e\000s\000i\000g\000n\000\040\000E\000l\000e\000m\000e\000n\000t\000s}{subsection.2.3}% 17
\BOOKMARK [3][-]{subsubsection.2.3.3}{\376\377\000F\000i\000r\000m\000w\000a\000r\000e\000\040\000E\000l\000e\000m\000e\000n\000t\000s}{subsection.2.3}% 18
\BOOKMARK [4][-]{paragraph.2.3.3.1}{\376\377\000S\000e\000n\000s\000o\000r\000\040\000T\000a\000s\000k\000\040\000s\000e\000n\000s\000o\000r\000s\000.\000c}{subsubsection.2.3.3}% 19
\BOOKMARK [4][-]{paragraph.2.3.3.2}{\376\377\000S\000t\000a\000t\000e\000\040\000E\000s\000i\000t\000m\000a\000t\000i\000o\000n\000\040\000e\000s\000t\000i\000m\000a\000t\000o\000r\000.\000c}{subsubsection.2.3.3}% 20
\BOOKMARK [4][-]{paragraph.2.3.3.3}{\376\377\000C\000o\000n\000t\000r\000o\000l\000l\000e\000r\000\040\000c\000o\000n\000t\000r\000o\000l\000l\000e\000r\000.\000c}{subsubsection.2.3.3}% 21
\BOOKMARK [4][-]{paragraph.2.3.3.4}{\376\377\000S\000t\000a\000b\000i\000l\000i\000s\000e\000r\000\040\000s\000t\000a\000b\000i\000l\000i\000s\000e\000r\000.\000c}{subsubsection.2.3.3}% 22
\BOOKMARK [4][-]{paragraph.2.3.3.5}{\376\377\000W\000e\000b\000S\000o\000c\000k\000e\000t\000\040\000w\000e\000b\000s\000o\000c\000k\000e\000t\000.\000c}{subsubsection.2.3.3}% 23
\BOOKMARK [4][-]{paragraph.2.3.3.6}{\376\377\000M\000o\000t\000o\000r\000s\000\040\000m\000o\000t\000o\000r\000s\000.\000c}{subsubsection.2.3.3}% 24
\BOOKMARK [2][-]{subsection.2.4}{\376\377\000T\000e\000s\000t\000i\000n\000g}{section.2}% 25
\BOOKMARK [3][-]{subsubsection.2.4.1}{\376\377\000H\000a\000r\000d\000w\000a\000r\000e\000\040\000V\000e\000r\000i\000f\000i\000c\000a\000t\000i\000o\000n\000\040\000a\000n\000d\000\040\000R\000e\000l\000i\000a\000b\000i\000l\000i\000t\000y\000\040\000T\000e\000s\000t\000s}{subsection.2.4}% 26
\BOOKMARK [3][-]{subsubsection.2.4.2}{\376\377\000S\000t\000a\000t\000i\000o\000n\000a\000r\000y\000\040\000T\000e\000s\000t\000i\000n\000g}{subsection.2.4}% 27
\BOOKMARK [3][-]{subsubsection.2.4.3}{\376\377\000D\000y\000n\000a\000m\000i\000c\000\040\000T\000e\000s\000t\000i\000n\000g}{subsection.2.4}% 28
\BOOKMARK [3][-]{subsubsection.2.4.4}{\376\377\000O\000u\000t\000c\000o\000m\000e\000\040\000o\000f\000\040\000T\000e\000s\000t\000i\000n\000g}{subsection.2.4}% 29
\BOOKMARK [2][-]{subsection.2.5}{\376\377\000S\000y\000s\000t\000e\000m\000\040\000I\000n\000t\000e\000g\000r\000a\000t\000i\000o\000n}{section.2}% 30
\BOOKMARK [2][-]{subsection.2.6}{\376\377\000S\000t\000a\000k\000e\000h\000o\000l\000d\000e\000r\000\040\000E\000n\000g\000a\000g\000e\000m\000e\000n\000t}{section.2}% 31
\BOOKMARK [3][-]{subsubsection.2.6.1}{\376\377\000R\000e\000q\000u\000i\000r\000e\000m\000e\000n\000t\000\040\000C\000h\000a\000n\000g\000e\000s}{subsection.2.6}% 32
\BOOKMARK [3][-]{subsubsection.2.6.2}{\376\377\000S\000t\000a\000k\000e\000h\000o\000l\000d\000e\000r\000\040\000E\000n\000g\000a\000g\000e\000m\000e\000n\000t\000\040\000S\000u\000m\000m\000a\000r\000y}{subsection.2.6}% 33
\BOOKMARK [2][-]{subsection.2.7}{\376\377\000S\000a\000f\000e\000t\000y\000\040\000I\000s\000s\000u\000e\000s}{section.2}% 34
\BOOKMARK [2][-]{subsection.2.8}{\376\377\000E\000t\000h\000i\000c\000a\000l\000\040\000I\000s\000s\000u\000e\000s}{section.2}% 35
\BOOKMARK [2][-]{subsection.2.9}{\376\377\000T\000o\000p\000\040\0005\000\040\000R\000i\000s\000k\000s\000\040\000a\000n\000d\000\040\000M\000i\000t\000i\000g\000a\000t\000i\000o\000n\000s}{section.2}% 36
\BOOKMARK [2][-]{subsection.2.10}{\376\377\000P\000r\000o\000c\000e\000s\000s\000\040\000o\000f\000\040\000A\000s\000s\000e\000m\000b\000l\000y}{section.2}% 37
\BOOKMARK [2][-]{subsection.2.11}{\376\377\000D\000e\000s\000i\000g\000n\000\040\000O\000u\000t\000p\000u\000t\000s}{section.2}% 38
\BOOKMARK [2][-]{subsection.2.12}{\376\377\000F\000i\000n\000a\000l\000\040\000C\000o\000s\000t}{section.2}% 39
\BOOKMARK [3][-]{subsubsection.2.12.1}{\376\377\000P\000C\000B\000\040\000F\000a\000b\000r\000i\000c\000a\000t\000i\000o\000n}{subsection.2.12}% 40
\BOOKMARK [3][-]{subsubsection.2.12.2}{\376\377\000A\000d\000d\000i\000t\000i\000o\000n\000a\000l\000\040\000S\000u\000r\000f\000a\000c\000e\000-\000M\000o\000u\000n\000t\000e\000d\000\040\000C\000o\000m\000p\000o\000n\000e\000n\000t\000s}{subsection.2.12}% 41
\BOOKMARK [3][-]{subsubsection.2.12.3}{\376\377\0003\000D\000\040\000P\000r\000i\000n\000t\000e\000d\000\040\000F\000r\000a\000m\000e\000\040\000C\000o\000s\000t}{subsection.2.12}% 42
\BOOKMARK [3][-]{subsubsection.2.12.4}{\376\377\000M\000o\000t\000o\000r\000\040\000a\000n\000d\000\040\000B\000a\000t\000t\000e\000r\000y\000\040\000C\000o\000s\000t}{subsection.2.12}% 43
\BOOKMARK [3][-]{subsubsection.2.12.5}{\376\377\000T\000o\000t\000a\000l\000\040\000P\000r\000i\000c\000e\000\040\000B\000r\000e\000a\000k\000d\000o\000w\000n\000\040\000f\000o\000r\000\040\000M\000a\000n\000u\000f\000a\000c\000t\000u\000r\000i\000n\000g}{subsection.2.12}% 44
\BOOKMARK [1][-]{section.3}{\376\377\000R\000e\000c\000o\000m\000m\000e\000n\000d\000a\000t\000i\000o\000n\000s}{}% 45
\BOOKMARK [1][-]{section.4}{\376\377\000M\000a\000n\000u\000a\000l}{}% 46
\BOOKMARK [1][-]{section.5}{\376\377\000R\000e\000f\000e\000r\000e\000n\000c\000e\000s}{}% 47
\BOOKMARK [1][-]{appendix.A}{\376\377\000A\000p\000p\000e\000n\000d\000i\000c\000e\000s}{}% 48
\BOOKMARK [2][-]{subsection.A.1}{\376\377\000C\000o\000n\000s\000t\000r\000a\000i\000n\000t\000s}{appendix.A}% 49
\BOOKMARK [2][-]{subsection.A.2}{\376\377\000A\000d\000d\000i\000t\000i\000o\000n\000a\000l\000\040\000R\000e\000q\000u\000i\000r\000e\000m\000e\000n\000t\000s}{appendix.A}% 50
\BOOKMARK [2][-]{subsection.A.3}{\376\377\000H\000a\000r\000d\000w\000a\000r\000e\000\040\000P\000r\000o\000t\000o\000t\000y\000p\000e\000s}{appendix.A}% 51
\BOOKMARK [3][-]{subsubsection.A.3.1}{\376\377\000P\000C\000B\000\040\000P\000r\000o\000t\000o\000t\000y\000p\000e\000\040\0001\000.\0000}{subsection.A.3}% 52
\BOOKMARK [3][-]{subsubsection.A.3.2}{\376\377\000P\000C\000B\000\040\000P\000r\000o\000t\000o\000t\000y\000p\000e\000\040\0002\000.\0000}{subsection.A.3}% 53
\BOOKMARK [3][-]{subsubsection.A.3.3}{\376\377\000F\000r\000a\000m\000e\000\040\000P\000r\000o\000t\000o\000t\000y\000p\000e\000\040\0001\000.\0000}{subsection.A.3}% 54
\BOOKMARK [2][-]{subsection.A.4}{\376\377\000W\000e\000b\000S\000o\000c\000k\000e\000t\000\040\000P\000a\000g\000e}{appendix.A}% 55
\BOOKMARK [2][-]{subsection.A.5}{\376\377\000R\000e\000q\000u\000i\000r\000e\000m\000e\000n\000t\000s\000\040\000U\000p\000d\000a\000t\000e\000\040\000S\000u\000m\000m\000a\000r\000y\000\040\000\050\000W\000e\000e\000k\000\040\0006\000\051}{appendix.A}% 56
\BOOKMARK [3][-]{subsubsection.A.5.1}{\376\377\000R\000a\000n\000k\000e\000d\000\040\000R\000e\000q\000u\000i\000r\000e\000m\000e\000n\000t\000s\000\040\000-\000\040\000P\000r\000o\000p\000o\000s\000e\000d\000\040\000C\000h\000a\000n\000g\000e\000s}{subsection.A.5}% 57
\BOOKMARK [3][-]{subsubsection.A.5.2}{\376\377\000A\000d\000d\000i\000t\000i\000o\000n\000a\000l\000\040\000R\000e\000q\000u\000i\000r\000e\000m\000e\000n\000t\000s\000\040\000-\000\040\000P\000r\000o\000p\000o\000s\000e\000d\000\040\000C\000h\000a\000n\000g\000e\000s}{subsection.A.5}% 58
\BOOKMARK [3][-]{subsubsection.A.5.3}{\376\377\000A\000d\000d\000i\000t\000i\000o\000n\000a\000l\000\040\000R\000e\000q\000u\000i\000r\000e\000m\000e\000n\000t\000s\000\040\000-\000\040\000F\000i\000n\000a\000l\000\040\000\050\000P\000o\000s\000t\000-\000C\000h\000a\000n\000g\000e\000\040\000L\000i\000s\000t\000\051}{subsection.A.5}% 59
\BOOKMARK [2][-]{subsection.A.6}{\376\377\000C\000o\000d\000e}{appendix.A}% 60
\BOOKMARK [3][-]{subsubsection.A.6.1}{\376\377\000s\000e\000n\000s\000o\000r\000.\000c}{subsection.A.6}% 61
\BOOKMARK [3][-]{subsubsection.A.6.2}{\376\377\000e\000s\000t\000i\000m\000a\000t\000o\000r\000.\000c}{subsection.A.6}% 62
\BOOKMARK [3][-]{subsubsection.A.6.3}{\376\377\000c\000o\000n\000t\000r\000o\000l\000l\000e\000r\000.\000c}{subsection.A.6}% 63
\BOOKMARK [3][-]{subsubsection.A.6.4}{\376\377\000s\000t\000a\000b\000i\000l\000i\000s\000e\000r\000.\000c}{subsection.A.6}% 64
\BOOKMARK [3][-]{subsubsection.A.6.5}{\376\377\000m\000o\000t\000o\000r\000s\000.\000c}{subsection.A.6}% 65
\BOOKMARK [3][-]{subsubsection.A.6.6}{\376\377\000w\000e\000b\000s\000o\000c\000k\000e\000t\000.\000c}{subsection.A.6}% 66
